¬Å	7355	INVALID UNICODE	0x81
¬ê	5265	INVALID UNICODE	0x90
	75	INVALID UNICODE	0x8
¬ç	31	INVALID UNICODE	0x8d
¬î	3	INVALID UNICODE	0x94
¬è	2	INVALID UNICODE	0x8f
	2	INVALID UNICODE	0x1a
¬ù	1	INVALID UNICODE	0x9d
¬ì	1	INVALID UNICODE	0x93
¬í	1	INVALID UNICODE	0x92
Óäï	8647	INVALID UNICODE	0xe295
Ôàù	6650	INVALID UNICODE	0xf21d
Ôò≠	6234	INVALID UNICODE	0xf62d
ÔÖ≥	4815	INVALID UNICODE	0xf173
Óîî	4789	INVALID UNICODE	0xe514
Óäì	4409	INVALID UNICODE	0xe293
Ôî£	3881	INVALID UNICODE	0xf523
Óà≥	3788	INVALID UNICODE	0xe233
Ôîè	2448	INVALID UNICODE	0xf50f
Óà≤	2177	INVALID UNICODE	0xe232
Ó©ª	1955	INVALID UNICODE	0xea7b
ÔÖ≤	1926	INVALID UNICODE	0xf172
Óäê	973	INVALID UNICODE	0xe290
Ôîô	972	INVALID UNICODE	0xf519
Óäí	661	INVALID UNICODE	0xe292
Óå®	591	INVALID UNICODE	0xe328
Óã∫	509	INVALID UNICODE	0xe2fa
Óà¥	458	INVALID UNICODE	0xe234
ÓÅÉ	446	INVALID UNICODE	0xe043
ÓÅÄ	419	INVALID UNICODE	0xe040
Óãª	399	INVALID UNICODE	0xe2fb
Óå´	387	INVALID UNICODE	0xe32b
Óà∂	381	INVALID UNICODE	0xe236
Ôîë	374	INVALID UNICODE	0xf511
Óîó	314	INVALID UNICODE	0xe517
Óãæ	296	INVALID UNICODE	0xe2fe
Óíí	293	INVALID UNICODE	0xe492
Ôî≠	291	INVALID UNICODE	0xf52d
Óãº	289	INVALID UNICODE	0xe2fc
Ôî°	195	INVALID UNICODE	0xf521
Óîñ	190	INVALID UNICODE	0xe516
ÓÅÅ	182	INVALID UNICODE	0xe041
Ôî©	178	INVALID UNICODE	0xf529
Óãπ	113	INVALID UNICODE	0xe2f9
Óãô	87	INVALID UNICODE	0xe2d9
Óå™	78	INVALID UNICODE	0xe32a
Óäë	76	INVALID UNICODE	0xe291
Óäñ	74	INVALID UNICODE	0xe296
Óîò	66	INVALID UNICODE	0xe518
Óå¨	52	INVALID UNICODE	0xe32c
Óãõ	46	INVALID UNICODE	0xe2db
Óà±	41	INVALID UNICODE	0xe231
Ôî¢	34	INVALID UNICODE	0xf522
Ôîò	33	INVALID UNICODE	0xf518
Ôîì	32	INVALID UNICODE	0xf513
Óå≠	27	INVALID UNICODE	0xe32d
ÓåÆ	25	INVALID UNICODE	0xe32e
ÓÅ´	23	INVALID UNICODE	0xe06b
Ó®Å	15	INVALID UNICODE	0xea01
Óäî	12	INVALID UNICODE	0xe294
ÓàÉ	11	INVALID UNICODE	0xe203
Ôàò	8	INVALID UNICODE	0xf218
ÓÅ∞	7	INVALID UNICODE	0xe070
ÓÄì	7	INVALID UNICODE	0xe013
Óãû	5	INVALID UNICODE	0xe2de
Óíì	4	INVALID UNICODE	0xe493
Ôü®	3	INVALID UNICODE	0xf7e8
Ôüê	3	INVALID UNICODE	0xf7d0
Óåì	3	INVALID UNICODE	0xe313
Óå©	2	INVALID UNICODE	0xe329
ÓÅ≠	2	INVALID UNICODE	0xe06d
ÓÄÉ	2	INVALID UNICODE	0xe003
Ôîé	1	INVALID UNICODE	0xf50e
ÔÖ±	1	INVALID UNICODE	0xf171
ÓÄù	1	INVALID UNICODE	0xe01d
‚ÅØ	71	NOMINAL DIGIT SHAPES	0x206f
‚ÅÝ	3	WORD JOINER	0x2060
‚Äï	126545	HORIZONTAL BAR	0x2015
÷æ	1028	HEBREW PUNCTUATION MAQAF	0x5be
)	98429	RIGHT PARENTHESIS	0x29
]	27108	RIGHT SQUARE BRACKET	0x5d
‚åã	1567	RIGHT FLOOR	0x230b
„Äï	97	RIGHT TORTOISE SHELL BRACKET	0x3015
„Äë	36	RIGHT BLACK LENTICULAR BRACKET	0x3011
Ô¥æ	14	ORNATE LEFT PARENTHESIS	0xfd3e
&	170517	AMPERSAND	0x26
ýºç	106330	TIBETAN MARK SHAD	0xf0d
·ç¢	90203	ETHIOPIC FULL STOP	0x1362
·ç•	60484	ETHIOPIC COLON	0x1365
ýºå	60464	TIBETAN MARK DELIMITER TSHEG BSTAR	0xf0c
·Åã	51567	MYANMAR SIGN SECTION	0x104b
/	46929	SOLIDUS	0x2f
·Åä	38042	MYANMAR SIGN LITTLE SECTION	0x104a
¬∑	37985	MIDDLE DOT	0xb7
‚Ä∏	36310	CARET	0x2038
*	34793	ASTERISK	0x2a
€î	32432	ARABIC FULL STOP	0x6d4
·ç§	31906	ETHIOPIC SEMICOLON	0x1364
·Åè	21519	MYANMAR SYMBOL GENITIVE	0x104f
·üî	20834	KHMER SIGN KHAN	0x17d4
Íìæ	15773	LISU PUNCTUATION COMMA	0xa4fe
·ôÆ	13473	CANADIAN SYLLABICS FULL STOP	0x166e
Í§Ø	12892	KAYAH LI SIGN SHYA	0xa92f
‚µ∞	11478	TIFINAGH SEPARATOR MARK	0x2d70
Íìø	11118	LISU PUNCTUATION FULL STOP	0xa4ff
ý••	10763	DEVANAGARI DOUBLE DANDA	0x965
ÿû	10403	ARABIC TRIPLE DOT PUNCTUATION MARK	0x61e
 €ö	7355	ARABIC SMALL HIGH JEEM	0x6da
 €ñ	7355	ARABIC SMALL HIGH LIGATURE SAD WITH LAM WITH ALEF MAKSURA	0x6d6
€ó 	7355	ARABIC SMALL HIGH LIGATURE QAF WITH LAM WITH ALEF MAKSURA	0x6d7
·Åç	8936	MYANMAR SYMBOL COMPLETED	0x104d
Œá	8431	GREEK ANO TELEIA	0x387
‚ÄÝ	7477	DAGGER	0x2020
·Åå	6632	MYANMAR SYMBOL LOCATIVE	0x104c
·ç£	5719	ETHIOPIC COMMA	0x1363
·üñ	5528	KHMER SIGN CAMNUC PII KUUH	0x17d6
Í§Æ	4791	KAYAH LI SIGN CWI	0xa92e
‚Äª	3439	REFERENCE MARK	0x203b
·ç¶	2727	ETHIOPIC PREFACE COLON	0x1366
‚Ä¢	1749	BULLET	0x2022
¬∂	1507	PILCROW SIGN	0xb6
·Åé	1386	MYANMAR SYMBOL AFOREMENTIONED	0x104e
Ôπñ	1224	SMALL QUESTION MARK	0xfe56
Õæ	975	GREEK QUESTION MARK	0x37e
‚Ä¶	827	HORIZONTAL ELLIPSIS	0x2026
%	617	PERCENT SIGN	0x25
„Éª	468	KATAKANA MIDDLE DOT	0x30fb
ýºé	306	TIBETAN MARK NYIS SHAD	0xf0e
‚Ä°	140	DOUBLE DAGGER	0x2021
#	137	NUMBER SIGN	0x23
@	125	COMMERCIAL AT	0x40
·ç°	121	ETHIOPIC WORDSPACE	0x1361
·üö	55	KHMER SIGN KOOMUUT	0x17da
·üï	49	KHMER SIGN BARIYOOSAN	0x17d5
Ôπê	10	SMALL COMMA	0xfe50
ýºÖ	6	TIBETAN MARK CLOSING YIG MGO SGAB MA	0xf05
ýºÑ	6	TIBETAN MARK INITIAL YIG MGO MDUN MA	0xf04
Ôºé	2	FULLWIDTH FULL STOP	0xff0e
Ôπó	2	SMALL EXCLAMATION MARK	0xfe57
Ôπï	2	SMALL COLON	0xfe55
‚Ä∞	2	PER MILLE SIGN	0x2030
ÔΩ•	1	HALFWIDTH KATAKANA MIDDLE DOT	0xff65
(	98504	LEFT PARENTHESIS	0x28
[	27245	LEFT SQUARE BRACKET	0x5b
‚åä	1567	LEFT FLOOR	0x230a
„Äî	95	LEFT TORTOISE SHELL BRACKET	0x3014
„Äê	36	LEFT BLACK LENTICULAR BRACKET	0x3010
Ô¥ø	14	ORNATE RIGHT PARENTHESIS	0xfd3f
_	4851	LOW LINE	0x5f
$	72	DOLLAR SIGN	0x24
‚Ç¨	14	EURO SIGN	0x20ac
¬£	2	POUND SIGN	0xa3
~	27462	TILDE	0x7e
=	11450	EQUALS SIGN	0x3d
|	8430	VERTICAL LINE	0x7c
‚àí	3971	MINUS SIGN	0x2212
‚â´	1904	MUCH GREATER-THAN	0x226b
‚â™	1903	MUCH LESS-THAN	0x226a
+	1450	PLUS SIGN	0x2b
Ôºú	345	FULLWIDTH LESS-THAN SIGN	0xff1c
Ôºû	344	FULLWIDTH GREATER-THAN SIGN	0xff1e
¬¨	5	NOT SIGN	0xac
√ó	4	MULTIPLICATION SIGN	0xd7
‚Üí	2	RIGHTWARDS ARROW	0x2192
·ô≠	537	CANADIAN SYLLABICS CHI SIGN	0x166d
¬∞	499	DEGREE SIGN	0xb0
·Çü	421	MYANMAR SYMBOL SHAN EXCLAMATION	0x109f
ÔøΩ	192	REPLACEMENT CHARACTER	0xfffd
‚åü	54	BOTTOM RIGHT CORNER	0x231f
‚åû	54	BOTTOM LEFT CORNER	0x231e
¬©	2	COPYRIGHT SIGN	0xa9
‚ÄØ	40	NARROW NO-BREAK SPACE	0x202f
‚ÄÜ	1	SIX-PER-EM SPACE	0x2006
Àú	40261	SMALL TILDE	0x2dc
^	6469	CIRCUMFLEX ACCENT	0x5e
¬Ø	20	MACRON	0xaf
Àá	191442	CARON	0x2c7
‚Åø	38144	SUPERSCRIPT LATIN SMALL LETTER N	0x207f
ýπÜ	6766	THAI CHARACTER MAIYAMOK	0xe46
·üó	3310	KHMER SIGN LEK TOO	0x17d7
„ÄÖ	678	IDEOGRAPHIC ITERATION MARK	0x3005
ýªÜ	430	LAO KO LA	0xec6
„Éº	319	KATAKANA-HIRAGANA PROLONGED SOUND MARK	0x30fc
‚Å±	137	SUPERSCRIPT LATIN SMALL LETTER I	0x2071
ýß∑	11056	BENGALI CURRENCY NUMERATOR FOUR	0x9f7
‚Öì	26	VULGAR FRACTION ONE THIRD	0x2153
¬Ω	26	VULGAR FRACTION ONE HALF	0xbd
¬º	4	VULGAR FRACTION ONE QUARTER	0xbc
‚Öü	1	FRACTION NUMERATOR ONE	0x215f
‚ÅÑ	57	FRACTION SLASH	0x2044
